<?xml version="1.0" encoding="UTF-8"?>
<!-- Generated by org.testng.reporters.JUnitXMLReporter -->
<testsuite hostname="DESKTOP-SC2D3TA" ignored="0" name=" chrome Test" tests="24" failures="7" timestamp="2022-11-30T21:43:54 IST" time="86.26" errors="0">
  <testcase name="Verify_DoLoginPage" time="1.637" classname="tditsolutions.tests.LoginPageTest"/>
  <testcase name="Verify_DoLoginPage" time="1.009" classname="tditsolutions.tests.LoginPageTest"/>
  <testcase name="Verify_Homepage" time="1.178" classname="tditsolutions.tests.HomePageTest"/>
  <testcase name="Verify_Homepage" time="1.081" classname="tditsolutions.tests.HomePageTest"/>
  <testcase name="Verify_AccountUpdated_succsessfully" time="1.878" classname="tditsolutions.tests.UpdateAccountTest"/>
  <testcase name="Verify_HomePageButton" time="2.328" classname="tditsolutions.tests.UpdateAccountTest"/>
  <testcase name="Verify_AccountUpdated_succsessfully" time="1.814" classname="tditsolutions.tests.UpdateAccountTest"/>
  <testcase name="Verify_SharesPriceUpdated_Successfully" time="2.644" classname="tditsolutions.tests.UpdateAccountTest"/>
  <testcase name="Verify_HomePageButton" time="1.437" classname="tditsolutions.tests.UpdateAccountTest"/>
  <testcase name="Verify_getUpdate_AccountTitle" time="1.423" classname="tditsolutions.tests.UpdateAccountTest"/>
  <testcase name="verify_validation_Message" time="2.178" classname="tditsolutions.tests.UpdateAccountTest"/>
  <testcase name="Verify_SharesPriceUpdated_Successfully" time="2.033" classname="tditsolutions.tests.UpdateAccountTest"/>
  <testcase name="Verify_getUpdate_AccountTitle" time="1.305" classname="tditsolutions.tests.UpdateAccountTest"/>
  <testcase name="Verify_Add_Security" time="5.019" classname="tditsolutions.tests.AddSecurityPageTest">
    <failure type="java.lang.AssertionError" message="expected [true] but found [false]">
      <![CDATA[java.lang.AssertionError: expected [true] but found [false]
at tditsolutions.tests.AddSecurityPageTest.Verify_Add_Security(AddSecurityPageTest.java:26)
at java.util.ArrayList.forEach(ArrayList.java:1259)
at java.util.concurrent.FutureTask.run(FutureTask.java:266)
at java.util.concurrent.ThreadPoolExecutor.runWorker(ThreadPoolExecutor.java:1149)
at java.util.concurrent.ThreadPoolExecutor$Worker.run(ThreadPoolExecutor.java:624)
at java.lang.Thread.run(Thread.java:750)
... Removed 23 stack frames]]>
    </failure>
  </testcase> <!-- Verify_Add_Security -->
  <testcase name="verify_validation_Message" time="1.639" classname="tditsolutions.tests.UpdateAccountTest">
    <failure type="java.lang.AssertionError" message="expected [Value must be greater than or equal to 0.] but found [Please select a value that is no less than 0.]">
      <![CDATA[java.lang.AssertionError: expected [Value must be greater than or equal to 0.] but found [Please select a value that is no less than 0.]
at tditsolutions.tests.UpdateAccountTest.verify_validation_Message(UpdateAccountTest.java:89)
at java.util.ArrayList.forEach(ArrayList.java:1259)
at java.util.concurrent.FutureTask.run(FutureTask.java:266)
at java.util.concurrent.ThreadPoolExecutor.runWorker(ThreadPoolExecutor.java:1149)
at java.util.concurrent.ThreadPoolExecutor$Worker.run(ThreadPoolExecutor.java:624)
at java.lang.Thread.run(Thread.java:750)
... Removed 23 stack frames]]>
    </failure>
  </testcase> <!-- verify_validation_Message -->
  <testcase name="Verify_Account_Deleted_Succssesfully" time="8.07" classname="tditsolutions.tests.DeleteAccountTest">
    <failure type="java.lang.AssertionError" message="expected [Account Deleted ] but found [Account not found ]">
      <![CDATA[java.lang.AssertionError: expected [Account Deleted ] but found [Account not found ]
at tditsolutions.tests.DeleteAccountTest.Verify_Account_Deleted_Succssesfully(DeleteAccountTest.java:22)
at java.util.ArrayList.forEach(ArrayList.java:1259)
at java.util.concurrent.FutureTask.run(FutureTask.java:266)
at java.util.concurrent.ThreadPoolExecutor.runWorker(ThreadPoolExecutor.java:1149)
at java.util.concurrent.ThreadPoolExecutor$Worker.run(ThreadPoolExecutor.java:624)
at java.lang.Thread.run(Thread.java:750)
... Removed 23 stack frames]]>
    </failure>
  </testcase> <!-- Verify_Account_Deleted_Succssesfully -->
  <testcase name="Verify_HomePage_button" time="1.547" classname="tditsolutions.tests.DeleteAccountTest"/>
  <testcase name="Verify_Add_Security" time="8.71" classname="tditsolutions.tests.AddSecurityPageTest">
    <failure type="java.lang.AssertionError" message="expected [true] but found [false]">
      <![CDATA[java.lang.AssertionError: expected [true] but found [false]
at tditsolutions.tests.AddSecurityPageTest.Verify_Add_Security(AddSecurityPageTest.java:26)
at java.util.ArrayList.forEach(ArrayList.java:1259)
at java.util.concurrent.FutureTask.run(FutureTask.java:266)
at java.util.concurrent.ThreadPoolExecutor.runWorker(ThreadPoolExecutor.java:1149)
at java.util.concurrent.ThreadPoolExecutor$Worker.run(ThreadPoolExecutor.java:624)
at java.lang.Thread.run(Thread.java:750)
... Removed 23 stack frames]]>
    </failure>
  </testcase> <!-- Verify_Add_Security -->
  <testcase name="Verify_Incorrect_Account_Number_Entered" time="2.907" classname="tditsolutions.tests.DeleteAccountTest"/>
  <testcase name="_verify_Delete_Account_Page" time="1.596" classname="tditsolutions.tests.DeleteAccountTest"/>
  <testcase name="Verify_AddAccount_Page" time="2.088" classname="tditsolutions.tests.AddAccountTest">
    <failure type="java.lang.AssertionError" message="expected [Account Registered.. ] but found [Failed , try again ]">
      <![CDATA[java.lang.AssertionError: expected [Account Registered.. ] but found [Failed , try again ]
at tditsolutions.tests.AddAccountTest.Verify_AddAccount_Page(AddAccountTest.java:28)
at java.util.ArrayList.forEach(ArrayList.java:1259)
at java.util.concurrent.FutureTask.run(FutureTask.java:266)
at java.util.concurrent.ThreadPoolExecutor.runWorker(ThreadPoolExecutor.java:1149)
at java.util.concurrent.ThreadPoolExecutor$Worker.run(ThreadPoolExecutor.java:624)
at java.lang.Thread.run(Thread.java:750)
... Removed 23 stack frames]]>
    </failure>
  </testcase> <!-- Verify_AddAccount_Page -->
  <testcase name="Verify_Account_Deleted_Succssesfully" time="7.897" classname="tditsolutions.tests.DeleteAccountTest">
    <failure type="java.lang.AssertionError" message="expected [Account Deleted ] but found [Account not found ]">
      <![CDATA[java.lang.AssertionError: expected [Account Deleted ] but found [Account not found ]
at tditsolutions.tests.DeleteAccountTest.Verify_Account_Deleted_Succssesfully(DeleteAccountTest.java:22)
at java.util.ArrayList.forEach(ArrayList.java:1259)
at java.util.concurrent.FutureTask.run(FutureTask.java:266)
at java.util.concurrent.ThreadPoolExecutor.runWorker(ThreadPoolExecutor.java:1149)
at java.util.concurrent.ThreadPoolExecutor$Worker.run(ThreadPoolExecutor.java:624)
at java.lang.Thread.run(Thread.java:750)
... Removed 23 stack frames]]>
    </failure>
  </testcase> <!-- Verify_Account_Deleted_Succssesfully -->
  <testcase name="Verify_AddAccount_Page" time="2.427" classname="tditsolutions.tests.AddAccountTest">
    <failure type="java.lang.AssertionError" message="expected [Account Registered.. ] but found [Failed , try again ]">
      <![CDATA[java.lang.AssertionError: expected [Account Registered.. ] but found [Failed , try again ]
at tditsolutions.tests.AddAccountTest.Verify_AddAccount_Page(AddAccountTest.java:28)
at java.util.ArrayList.forEach(ArrayList.java:1259)
at java.util.concurrent.FutureTask.run(FutureTask.java:266)
at java.util.concurrent.ThreadPoolExecutor.runWorker(ThreadPoolExecutor.java:1149)
at java.util.concurrent.ThreadPoolExecutor$Worker.run(ThreadPoolExecutor.java:624)
at java.lang.Thread.run(Thread.java:750)
... Removed 23 stack frames]]>
    </failure>
  </testcase> <!-- Verify_AddAccount_Page -->
  <testcase name="verify_Homepage_Button" time="1.581" classname="tditsolutions.tests.AddAccountTest"/>
</testsuite> <!--  chrome Test -->
