<html>
<head>
<title>TestNG:   Test</title>
<link href="../testng.css" rel="stylesheet" type="text/css" />
<link href="../my-testng.css" rel="stylesheet" type="text/css" />

<style type="text/css">
.log { display: none;} 
.stack-trace { display: none;} 
</style>
<script type="text/javascript">
<!--
function flip(e) {
  current = e.style.display;
  if (current == 'block') {
    e.style.display = 'none';
    return 0;
  }
  else {
    e.style.display = 'block';
    return 1;
  }
}

function toggleBox(szDivId, elem, msg1, msg2)
{
  var res = -1;  if (document.getElementById) {
    res = flip(document.getElementById(szDivId));
  }
  else if (document.all) {
    // this is the way old msie versions work
    res = flip(document.all[szDivId]);
  }
  if(elem) {
    if(res == 0) elem.innerHTML = msg1; else elem.innerHTML = msg2;
  }

}

function toggleAllBoxes() {
  if (document.getElementsByTagName) {
    d = document.getElementsByTagName('div');
    for (i = 0; i < d.length; i++) {
      if (d[i].className == 'log') {
        flip(d[i]);
      }
    }
  }
}

// -->
</script>

</head>
<body>
<h2 align='center'> Test</h2><table border='1' align="center">
<tr>
<td>Tests passed/Failed/Skipped:</td><td>10/5/0</td>
</tr><tr>
<td>Started on:</td><td>Wed Nov 30 19:52:31 IST 2022</td>
</tr>
<tr><td>Total time:</td><td>124 seconds (124415 ms)</td>
</tr><tr>
<td>Included groups:</td><td></td>
</tr><tr>
<td>Excluded groups:</td><td></td>
</tr>
</table><p/>
<small><i>(Hover the method name to see the test class name)</i></small><p/>
<table width='100%' border='1' class='invocation-failed'>
<tr><td colspan='4' align='center'><b>FAILED TESTS</b></td></tr>
<tr><td><b>Test method</b></td>
<td width="30%"><b>Exception</b></td>
<td width="10%"><b>Time (seconds)</b></td>
<td><b>Instance</b></td>
</tr>
<tr>
<td title='tditsolutions.tests.DeleteAccountTest.Verify_Account_Deleted_Succssesfully()'><b>Verify_Account_Deleted_Succssesfully</b><br>Test class: tditsolutions.tests.DeleteAccountTest</td>
<td><div><pre>java.lang.AssertionError: expected [Account Deleted ] but found [Account not found ]
	at tditsolutions.tests.DeleteAccountTest.Verify_Account_Deleted_Succssesfully(DeleteAccountTest.java:22)
	at java.util.ArrayList.forEach(ArrayList.java:1259)
	at java.util.concurrent.FutureTask.run(FutureTask.java:266)
	at java.util.concurrent.ThreadPoolExecutor.runWorker(ThreadPoolExecutor.java:1149)
	at java.util.concurrent.ThreadPoolExecutor$Worker.run(ThreadPoolExecutor.java:624)
	at java.lang.Thread.run(Thread.java:750)
... Removed 23 stack frames</pre></div><a href='#' onClick='toggleBox("stack-trace1791299108", this, "Click to show all stack frames", "Click to hide stack frames")'>Click to show all stack frames</a>
<div class='stack-trace' id='stack-trace1791299108'><pre>java.lang.AssertionError: expected [Account Deleted ] but found [Account not found ]
	at org.testng.Assert.fail(Assert.java:97)
	at org.testng.Assert.assertEqualsImpl(Assert.java:136)
	at org.testng.Assert.assertEquals(Assert.java:118)
	at org.testng.Assert.assertEquals(Assert.java:575)
	at org.testng.Assert.assertEquals(Assert.java:585)
	at tditsolutions.tests.DeleteAccountTest.Verify_Account_Deleted_Succssesfully(DeleteAccountTest.java:22)
	at sun.reflect.NativeMethodAccessorImpl.invoke0(Native Method)
	at sun.reflect.NativeMethodAccessorImpl.invoke(NativeMethodAccessorImpl.java:62)
	at sun.reflect.DelegatingMethodAccessorImpl.invoke(DelegatingMethodAccessorImpl.java:43)
	at java.lang.reflect.Method.invoke(Method.java:498)
	at org.testng.internal.MethodInvocationHelper.invokeMethod(MethodInvocationHelper.java:133)
	at org.testng.internal.TestInvoker.invokeMethod(TestInvoker.java:584)
	at org.testng.internal.TestInvoker.invokeTestMethod(TestInvoker.java:172)
	at org.testng.internal.MethodRunner.runInSequence(MethodRunner.java:46)
	at org.testng.internal.TestInvoker$MethodInvocationAgent.invoke(TestInvoker.java:804)
	at org.testng.internal.TestInvoker.invokeTestMethods(TestInvoker.java:145)
	at org.testng.internal.TestMethodWorker.invokeTestMethods(TestMethodWorker.java:146)
	at org.testng.internal.TestMethodWorker.run(TestMethodWorker.java:128)
	at java.util.ArrayList.forEach(ArrayList.java:1259)
	at org.testng.TestRunner.privateRun(TestRunner.java:770)
	at org.testng.TestRunner.run(TestRunner.java:591)
	at org.testng.SuiteRunner.runTest(SuiteRunner.java:402)
	at org.testng.SuiteRunner.access$000(SuiteRunner.java:41)
	at org.testng.SuiteRunner$SuiteWorker.run(SuiteRunner.java:443)
	at org.testng.internal.thread.ThreadUtil.lambda$execute$0(ThreadUtil.java:67)
	at java.util.concurrent.FutureTask.run(FutureTask.java:266)
	at java.util.concurrent.ThreadPoolExecutor.runWorker(ThreadPoolExecutor.java:1149)
	at java.util.concurrent.ThreadPoolExecutor$Worker.run(ThreadPoolExecutor.java:624)
	at java.lang.Thread.run(Thread.java:750)
</pre></div></td>
<td>8</td>
<td>tditsolutions.tests.DeleteAccountTest@490ab905</td></tr>
<tr>
<td title='tditsolutions.tests.DeleteAccountTest.Verify_Account_Deleted_Succssesfully()'><b>Verify_Account_Deleted_Succssesfully</b><br>Test class: tditsolutions.tests.DeleteAccountTest</td>
<td><div><pre>java.lang.AssertionError: expected [Account Deleted ] but found [Account not found ]
	at tditsolutions.tests.DeleteAccountTest.Verify_Account_Deleted_Succssesfully(DeleteAccountTest.java:22)
	at java.util.ArrayList.forEach(ArrayList.java:1259)
	at java.util.concurrent.FutureTask.run(FutureTask.java:266)
	at java.util.concurrent.ThreadPoolExecutor.runWorker(ThreadPoolExecutor.java:1149)
	at java.util.concurrent.ThreadPoolExecutor$Worker.run(ThreadPoolExecutor.java:624)
	at java.lang.Thread.run(Thread.java:750)
... Removed 23 stack frames</pre></div><a href='#' onClick='toggleBox("stack-trace1533448279", this, "Click to show all stack frames", "Click to hide stack frames")'>Click to show all stack frames</a>
<div class='stack-trace' id='stack-trace1533448279'><pre>java.lang.AssertionError: expected [Account Deleted ] but found [Account not found ]
	at org.testng.Assert.fail(Assert.java:97)
	at org.testng.Assert.assertEqualsImpl(Assert.java:136)
	at org.testng.Assert.assertEquals(Assert.java:118)
	at org.testng.Assert.assertEquals(Assert.java:575)
	at org.testng.Assert.assertEquals(Assert.java:585)
	at tditsolutions.tests.DeleteAccountTest.Verify_Account_Deleted_Succssesfully(DeleteAccountTest.java:22)
	at sun.reflect.NativeMethodAccessorImpl.invoke0(Native Method)
	at sun.reflect.NativeMethodAccessorImpl.invoke(NativeMethodAccessorImpl.java:62)
	at sun.reflect.DelegatingMethodAccessorImpl.invoke(DelegatingMethodAccessorImpl.java:43)
	at java.lang.reflect.Method.invoke(Method.java:498)
	at org.testng.internal.MethodInvocationHelper.invokeMethod(MethodInvocationHelper.java:133)
	at org.testng.internal.TestInvoker.invokeMethod(TestInvoker.java:584)
	at org.testng.internal.TestInvoker.invokeTestMethod(TestInvoker.java:172)
	at org.testng.internal.MethodRunner.runInSequence(MethodRunner.java:46)
	at org.testng.internal.TestInvoker$MethodInvocationAgent.invoke(TestInvoker.java:804)
	at org.testng.internal.TestInvoker.invokeTestMethods(TestInvoker.java:145)
	at org.testng.internal.TestMethodWorker.invokeTestMethods(TestMethodWorker.java:146)
	at org.testng.internal.TestMethodWorker.run(TestMethodWorker.java:128)
	at java.util.ArrayList.forEach(ArrayList.java:1259)
	at org.testng.TestRunner.privateRun(TestRunner.java:770)
	at org.testng.TestRunner.run(TestRunner.java:591)
	at org.testng.SuiteRunner.runTest(SuiteRunner.java:402)
	at org.testng.SuiteRunner.access$000(SuiteRunner.java:41)
	at org.testng.SuiteRunner$SuiteWorker.run(SuiteRunner.java:443)
	at org.testng.internal.thread.ThreadUtil.lambda$execute$0(ThreadUtil.java:67)
	at java.util.concurrent.FutureTask.run(FutureTask.java:266)
	at java.util.concurrent.ThreadPoolExecutor.runWorker(ThreadPoolExecutor.java:1149)
	at java.util.concurrent.ThreadPoolExecutor$Worker.run(ThreadPoolExecutor.java:624)
	at java.lang.Thread.run(Thread.java:750)
</pre></div></td>
<td>9</td>
<td>tditsolutions.tests.DeleteAccountTest@31dc339b</td></tr>
<tr>
<td title='tditsolutions.tests.AddAccountTest.Verify_AddAccount_Page()'><b>Verify_AddAccount_Page</b><br>Test class: tditsolutions.tests.AddAccountTest<br>Parameters: 23458.0, 245864.0, 245781.0</td>
<td><div><pre>java.lang.AssertionError: expected [Account Registered.. ] but found [Failed , try again ]
	at tditsolutions.tests.AddAccountTest.Verify_AddAccount_Page(AddAccountTest.java:28)
	at java.util.ArrayList.forEach(ArrayList.java:1259)
	at java.util.concurrent.FutureTask.run(FutureTask.java:266)
	at java.util.concurrent.ThreadPoolExecutor.runWorker(ThreadPoolExecutor.java:1149)
	at java.util.concurrent.ThreadPoolExecutor$Worker.run(ThreadPoolExecutor.java:624)
	at java.lang.Thread.run(Thread.java:750)
... Removed 23 stack frames</pre></div><a href='#' onClick='toggleBox("stack-trace675545799", this, "Click to show all stack frames", "Click to hide stack frames")'>Click to show all stack frames</a>
<div class='stack-trace' id='stack-trace675545799'><pre>java.lang.AssertionError: expected [Account Registered.. ] but found [Failed , try again ]
	at org.testng.Assert.fail(Assert.java:97)
	at org.testng.Assert.assertEqualsImpl(Assert.java:136)
	at org.testng.Assert.assertEquals(Assert.java:118)
	at org.testng.Assert.assertEquals(Assert.java:575)
	at org.testng.Assert.assertEquals(Assert.java:585)
	at tditsolutions.tests.AddAccountTest.Verify_AddAccount_Page(AddAccountTest.java:28)
	at sun.reflect.NativeMethodAccessorImpl.invoke0(Native Method)
	at sun.reflect.NativeMethodAccessorImpl.invoke(NativeMethodAccessorImpl.java:62)
	at sun.reflect.DelegatingMethodAccessorImpl.invoke(DelegatingMethodAccessorImpl.java:43)
	at java.lang.reflect.Method.invoke(Method.java:498)
	at org.testng.internal.MethodInvocationHelper.invokeMethod(MethodInvocationHelper.java:133)
	at org.testng.internal.TestInvoker.invokeMethod(TestInvoker.java:584)
	at org.testng.internal.TestInvoker.invokeTestMethod(TestInvoker.java:172)
	at org.testng.internal.MethodRunner.runInSequence(MethodRunner.java:46)
	at org.testng.internal.TestInvoker$MethodInvocationAgent.invoke(TestInvoker.java:804)
	at org.testng.internal.TestInvoker.invokeTestMethods(TestInvoker.java:145)
	at org.testng.internal.TestMethodWorker.invokeTestMethods(TestMethodWorker.java:146)
	at org.testng.internal.TestMethodWorker.run(TestMethodWorker.java:128)
	at java.util.ArrayList.forEach(ArrayList.java:1259)
	at org.testng.TestRunner.privateRun(TestRunner.java:770)
	at org.testng.TestRunner.run(TestRunner.java:591)
	at org.testng.SuiteRunner.runTest(SuiteRunner.java:402)
	at org.testng.SuiteRunner.access$000(SuiteRunner.java:41)
	at org.testng.SuiteRunner$SuiteWorker.run(SuiteRunner.java:443)
	at org.testng.internal.thread.ThreadUtil.lambda$execute$0(ThreadUtil.java:67)
	at java.util.concurrent.FutureTask.run(FutureTask.java:266)
	at java.util.concurrent.ThreadPoolExecutor.runWorker(ThreadPoolExecutor.java:1149)
	at java.util.concurrent.ThreadPoolExecutor$Worker.run(ThreadPoolExecutor.java:624)
	at java.lang.Thread.run(Thread.java:750)
</pre></div></td>
<td>1</td>
<td>tditsolutions.tests.AddAccountTest@56ac3a89</td></tr>
<tr>
<td title='tditsolutions.tests.AddAccountTest.Verify_AddAccount_Page()'><b>Verify_AddAccount_Page</b><br>Test class: tditsolutions.tests.AddAccountTest<br>Parameters: 87954.0, 8.5464258E7, 548787.0</td>
<td><div><pre>java.lang.AssertionError: expected [Account Registered.. ] but found [Failed , try again ]
	at tditsolutions.tests.AddAccountTest.Verify_AddAccount_Page(AddAccountTest.java:28)
	at java.util.ArrayList.forEach(ArrayList.java:1259)
	at java.util.concurrent.FutureTask.run(FutureTask.java:266)
	at java.util.concurrent.ThreadPoolExecutor.runWorker(ThreadPoolExecutor.java:1149)
	at java.util.concurrent.ThreadPoolExecutor$Worker.run(ThreadPoolExecutor.java:624)
	at java.lang.Thread.run(Thread.java:750)
... Removed 23 stack frames</pre></div><a href='#' onClick='toggleBox("stack-trace304333332", this, "Click to show all stack frames", "Click to hide stack frames")'>Click to show all stack frames</a>
<div class='stack-trace' id='stack-trace304333332'><pre>java.lang.AssertionError: expected [Account Registered.. ] but found [Failed , try again ]
	at org.testng.Assert.fail(Assert.java:97)
	at org.testng.Assert.assertEqualsImpl(Assert.java:136)
	at org.testng.Assert.assertEquals(Assert.java:118)
	at org.testng.Assert.assertEquals(Assert.java:575)
	at org.testng.Assert.assertEquals(Assert.java:585)
	at tditsolutions.tests.AddAccountTest.Verify_AddAccount_Page(AddAccountTest.java:28)
	at sun.reflect.NativeMethodAccessorImpl.invoke0(Native Method)
	at sun.reflect.NativeMethodAccessorImpl.invoke(NativeMethodAccessorImpl.java:62)
	at sun.reflect.DelegatingMethodAccessorImpl.invoke(DelegatingMethodAccessorImpl.java:43)
	at java.lang.reflect.Method.invoke(Method.java:498)
	at org.testng.internal.MethodInvocationHelper.invokeMethod(MethodInvocationHelper.java:133)
	at org.testng.internal.TestInvoker.invokeMethod(TestInvoker.java:584)
	at org.testng.internal.TestInvoker.invokeTestMethod(TestInvoker.java:172)
	at org.testng.internal.MethodRunner.runInSequence(MethodRunner.java:46)
	at org.testng.internal.TestInvoker$MethodInvocationAgent.invoke(TestInvoker.java:804)
	at org.testng.internal.TestInvoker.invokeTestMethods(TestInvoker.java:145)
	at org.testng.internal.TestMethodWorker.invokeTestMethods(TestMethodWorker.java:146)
	at org.testng.internal.TestMethodWorker.run(TestMethodWorker.java:128)
	at java.util.ArrayList.forEach(ArrayList.java:1259)
	at org.testng.TestRunner.privateRun(TestRunner.java:770)
	at org.testng.TestRunner.run(TestRunner.java:591)
	at org.testng.SuiteRunner.runTest(SuiteRunner.java:402)
	at org.testng.SuiteRunner.access$000(SuiteRunner.java:41)
	at org.testng.SuiteRunner$SuiteWorker.run(SuiteRunner.java:443)
	at org.testng.internal.thread.ThreadUtil.lambda$execute$0(ThreadUtil.java:67)
	at java.util.concurrent.FutureTask.run(FutureTask.java:266)
	at java.util.concurrent.ThreadPoolExecutor.runWorker(ThreadPoolExecutor.java:1149)
	at java.util.concurrent.ThreadPoolExecutor$Worker.run(ThreadPoolExecutor.java:624)
	at java.lang.Thread.run(Thread.java:750)
</pre></div></td>
<td>1</td>
<td>tditsolutions.tests.AddAccountTest@56ac3a89</td></tr>
<tr>
<td title='tditsolutions.tests.AddAccountTest.Verify_AddAccount_Page()'><b>Verify_AddAccount_Page</b><br>Test class: tditsolutions.tests.AddAccountTest<br>Parameters: 23458.0, 245864.0, 245781.0</td>
<td><div><pre>java.lang.AssertionError: expected [Account Registered.. ] but found [Failed , try again ]
	at tditsolutions.tests.AddAccountTest.Verify_AddAccount_Page(AddAccountTest.java:28)
	at java.util.ArrayList.forEach(ArrayList.java:1259)
	at java.util.concurrent.FutureTask.run(FutureTask.java:266)
	at java.util.concurrent.ThreadPoolExecutor.runWorker(ThreadPoolExecutor.java:1149)
	at java.util.concurrent.ThreadPoolExecutor$Worker.run(ThreadPoolExecutor.java:624)
	at java.lang.Thread.run(Thread.java:750)
... Removed 23 stack frames</pre></div><a href='#' onClick='toggleBox("stack-trace1946257155", this, "Click to show all stack frames", "Click to hide stack frames")'>Click to show all stack frames</a>
<div class='stack-trace' id='stack-trace1946257155'><pre>java.lang.AssertionError: expected [Account Registered.. ] but found [Failed , try again ]
	at org.testng.Assert.fail(Assert.java:97)
	at org.testng.Assert.assertEqualsImpl(Assert.java:136)
	at org.testng.Assert.assertEquals(Assert.java:118)
	at org.testng.Assert.assertEquals(Assert.java:575)
	at org.testng.Assert.assertEquals(Assert.java:585)
	at tditsolutions.tests.AddAccountTest.Verify_AddAccount_Page(AddAccountTest.java:28)
	at sun.reflect.NativeMethodAccessorImpl.invoke0(Native Method)
	at sun.reflect.NativeMethodAccessorImpl.invoke(NativeMethodAccessorImpl.java:62)
	at sun.reflect.DelegatingMethodAccessorImpl.invoke(DelegatingMethodAccessorImpl.java:43)
	at java.lang.reflect.Method.invoke(Method.java:498)
	at org.testng.internal.MethodInvocationHelper.invokeMethod(MethodInvocationHelper.java:133)
	at org.testng.internal.TestInvoker.invokeMethod(TestInvoker.java:584)
	at org.testng.internal.TestInvoker.invokeTestMethod(TestInvoker.java:172)
	at org.testng.internal.MethodRunner.runInSequence(MethodRunner.java:46)
	at org.testng.internal.TestInvoker$MethodInvocationAgent.invoke(TestInvoker.java:804)
	at org.testng.internal.TestInvoker.invokeTestMethods(TestInvoker.java:145)
	at org.testng.internal.TestMethodWorker.invokeTestMethods(TestMethodWorker.java:146)
	at org.testng.internal.TestMethodWorker.run(TestMethodWorker.java:128)
	at java.util.ArrayList.forEach(ArrayList.java:1259)
	at org.testng.TestRunner.privateRun(TestRunner.java:770)
	at org.testng.TestRunner.run(TestRunner.java:591)
	at org.testng.SuiteRunner.runTest(SuiteRunner.java:402)
	at org.testng.SuiteRunner.access$000(SuiteRunner.java:41)
	at org.testng.SuiteRunner$SuiteWorker.run(SuiteRunner.java:443)
	at org.testng.internal.thread.ThreadUtil.lambda$execute$0(ThreadUtil.java:67)
	at java.util.concurrent.FutureTask.run(FutureTask.java:266)
	at java.util.concurrent.ThreadPoolExecutor.runWorker(ThreadPoolExecutor.java:1149)
	at java.util.concurrent.ThreadPoolExecutor$Worker.run(ThreadPoolExecutor.java:624)
	at java.lang.Thread.run(Thread.java:750)
</pre></div></td>
<td>1</td>
<td>tditsolutions.tests.AddAccountTest@544fe44c</td></tr>
<tr>
<td title='tditsolutions.tests.AddAccountTest.Verify_AddAccount_Page()'><b>Verify_AddAccount_Page</b><br>Test class: tditsolutions.tests.AddAccountTest<br>Parameters: 87954.0, 8.5464258E7, 548787.0</td>
<td><div><pre>java.lang.AssertionError: expected [Account Registered.. ] but found [Failed , try again ]
	at tditsolutions.tests.AddAccountTest.Verify_AddAccount_Page(AddAccountTest.java:28)
	at java.util.ArrayList.forEach(ArrayList.java:1259)
	at java.util.concurrent.FutureTask.run(FutureTask.java:266)
	at java.util.concurrent.ThreadPoolExecutor.runWorker(ThreadPoolExecutor.java:1149)
	at java.util.concurrent.ThreadPoolExecutor$Worker.run(ThreadPoolExecutor.java:624)
	at java.lang.Thread.run(Thread.java:750)
... Removed 23 stack frames</pre></div><a href='#' onClick='toggleBox("stack-trace726040800", this, "Click to show all stack frames", "Click to hide stack frames")'>Click to show all stack frames</a>
<div class='stack-trace' id='stack-trace726040800'><pre>java.lang.AssertionError: expected [Account Registered.. ] but found [Failed , try again ]
	at org.testng.Assert.fail(Assert.java:97)
	at org.testng.Assert.assertEqualsImpl(Assert.java:136)
	at org.testng.Assert.assertEquals(Assert.java:118)
	at org.testng.Assert.assertEquals(Assert.java:575)
	at org.testng.Assert.assertEquals(Assert.java:585)
	at tditsolutions.tests.AddAccountTest.Verify_AddAccount_Page(AddAccountTest.java:28)
	at sun.reflect.NativeMethodAccessorImpl.invoke0(Native Method)
	at sun.reflect.NativeMethodAccessorImpl.invoke(NativeMethodAccessorImpl.java:62)
	at sun.reflect.DelegatingMethodAccessorImpl.invoke(DelegatingMethodAccessorImpl.java:43)
	at java.lang.reflect.Method.invoke(Method.java:498)
	at org.testng.internal.MethodInvocationHelper.invokeMethod(MethodInvocationHelper.java:133)
	at org.testng.internal.TestInvoker.invokeMethod(TestInvoker.java:584)
	at org.testng.internal.TestInvoker.invokeTestMethod(TestInvoker.java:172)
	at org.testng.internal.MethodRunner.runInSequence(MethodRunner.java:46)
	at org.testng.internal.TestInvoker$MethodInvocationAgent.invoke(TestInvoker.java:804)
	at org.testng.internal.TestInvoker.invokeTestMethods(TestInvoker.java:145)
	at org.testng.internal.TestMethodWorker.invokeTestMethods(TestMethodWorker.java:146)
	at org.testng.internal.TestMethodWorker.run(TestMethodWorker.java:128)
	at java.util.ArrayList.forEach(ArrayList.java:1259)
	at org.testng.TestRunner.privateRun(TestRunner.java:770)
	at org.testng.TestRunner.run(TestRunner.java:591)
	at org.testng.SuiteRunner.runTest(SuiteRunner.java:402)
	at org.testng.SuiteRunner.access$000(SuiteRunner.java:41)
	at org.testng.SuiteRunner$SuiteWorker.run(SuiteRunner.java:443)
	at org.testng.internal.thread.ThreadUtil.lambda$execute$0(ThreadUtil.java:67)
	at java.util.concurrent.FutureTask.run(FutureTask.java:266)
	at java.util.concurrent.ThreadPoolExecutor.runWorker(ThreadPoolExecutor.java:1149)
	at java.util.concurrent.ThreadPoolExecutor$Worker.run(ThreadPoolExecutor.java:624)
	at java.lang.Thread.run(Thread.java:750)
</pre></div></td>
<td>3</td>
<td>tditsolutions.tests.AddAccountTest@544fe44c</td></tr>
<tr>
<td title='tditsolutions.tests.AddSecurityPageTest.Verify_Add_Security()'><b>Verify_Add_Security</b><br>Test class: tditsolutions.tests.AddSecurityPageTest<br>Parameters: 2512546.0, 245876bhd, 354354.0, 20-May-2025, 300.0, your shares has been credited.</td>
<td><div><pre>java.lang.AssertionError: expected [true] but found [false]
	at tditsolutions.tests.AddSecurityPageTest.Verify_Add_Security(AddSecurityPageTest.java:26)
	at java.util.ArrayList.forEach(ArrayList.java:1259)
	at java.util.concurrent.FutureTask.run(FutureTask.java:266)
	at java.util.concurrent.ThreadPoolExecutor.runWorker(ThreadPoolExecutor.java:1149)
	at java.util.concurrent.ThreadPoolExecutor$Worker.run(ThreadPoolExecutor.java:624)
	at java.lang.Thread.run(Thread.java:750)
... Removed 23 stack frames</pre></div><a href='#' onClick='toggleBox("stack-trace1049157236", this, "Click to show all stack frames", "Click to hide stack frames")'>Click to show all stack frames</a>
<div class='stack-trace' id='stack-trace1049157236'><pre>java.lang.AssertionError: expected [true] but found [false]
	at org.testng.Assert.fail(Assert.java:97)
	at org.testng.Assert.assertEqualsImpl(Assert.java:136)
	at org.testng.Assert.assertEquals(Assert.java:118)
	at org.testng.Assert.assertEquals(Assert.java:751)
	at org.testng.Assert.assertEquals(Assert.java:761)
	at tditsolutions.tests.AddSecurityPageTest.Verify_Add_Security(AddSecurityPageTest.java:26)
	at sun.reflect.NativeMethodAccessorImpl.invoke0(Native Method)
	at sun.reflect.NativeMethodAccessorImpl.invoke(NativeMethodAccessorImpl.java:62)
	at sun.reflect.DelegatingMethodAccessorImpl.invoke(DelegatingMethodAccessorImpl.java:43)
	at java.lang.reflect.Method.invoke(Method.java:498)
	at org.testng.internal.MethodInvocationHelper.invokeMethod(MethodInvocationHelper.java:133)
	at org.testng.internal.TestInvoker.invokeMethod(TestInvoker.java:584)
	at org.testng.internal.TestInvoker.invokeTestMethod(TestInvoker.java:172)
	at org.testng.internal.MethodRunner.runInSequence(MethodRunner.java:46)
	at org.testng.internal.TestInvoker$MethodInvocationAgent.invoke(TestInvoker.java:804)
	at org.testng.internal.TestInvoker.invokeTestMethods(TestInvoker.java:145)
	at org.testng.internal.TestMethodWorker.invokeTestMethods(TestMethodWorker.java:146)
	at org.testng.internal.TestMethodWorker.run(TestMethodWorker.java:128)
	at java.util.ArrayList.forEach(ArrayList.java:1259)
	at org.testng.TestRunner.privateRun(TestRunner.java:770)
	at org.testng.TestRunner.run(TestRunner.java:591)
	at org.testng.SuiteRunner.runTest(SuiteRunner.java:402)
	at org.testng.SuiteRunner.access$000(SuiteRunner.java:41)
	at org.testng.SuiteRunner$SuiteWorker.run(SuiteRunner.java:443)
	at org.testng.internal.thread.ThreadUtil.lambda$execute$0(ThreadUtil.java:67)
	at java.util.concurrent.FutureTask.run(FutureTask.java:266)
	at java.util.concurrent.ThreadPoolExecutor.runWorker(ThreadPoolExecutor.java:1149)
	at java.util.concurrent.ThreadPoolExecutor$Worker.run(ThreadPoolExecutor.java:624)
	at java.lang.Thread.run(Thread.java:750)
</pre></div></td>
<td>7</td>
<td>tditsolutions.tests.AddSecurityPageTest@3c0f93f1</td></tr>
<tr>
<td title='tditsolutions.tests.UpdateAccountTest.verify_validation_Message()'><b>verify_validation_Message</b><br>Test class: tditsolutions.tests.UpdateAccountTest</td>
<td><div><pre>java.lang.AssertionError: expected [Value must be greater than or equal to 0.] but found [Please select a value that is no less than 0.]
	at tditsolutions.tests.UpdateAccountTest.verify_validation_Message(UpdateAccountTest.java:89)
	at java.util.ArrayList.forEach(ArrayList.java:1259)
	at java.util.concurrent.FutureTask.run(FutureTask.java:266)
	at java.util.concurrent.ThreadPoolExecutor.runWorker(ThreadPoolExecutor.java:1149)
	at java.util.concurrent.ThreadPoolExecutor$Worker.run(ThreadPoolExecutor.java:624)
	at java.lang.Thread.run(Thread.java:750)
... Removed 23 stack frames</pre></div><a href='#' onClick='toggleBox("stack-trace735622073", this, "Click to show all stack frames", "Click to hide stack frames")'>Click to show all stack frames</a>
<div class='stack-trace' id='stack-trace735622073'><pre>java.lang.AssertionError: expected [Value must be greater than or equal to 0.] but found [Please select a value that is no less than 0.]
	at org.testng.Assert.fail(Assert.java:97)
	at org.testng.Assert.assertEqualsImpl(Assert.java:136)
	at org.testng.Assert.assertEquals(Assert.java:118)
	at org.testng.Assert.assertEquals(Assert.java:575)
	at org.testng.Assert.assertEquals(Assert.java:585)
	at tditsolutions.tests.UpdateAccountTest.verify_validation_Message(UpdateAccountTest.java:89)
	at sun.reflect.NativeMethodAccessorImpl.invoke0(Native Method)
	at sun.reflect.NativeMethodAccessorImpl.invoke(NativeMethodAccessorImpl.java:62)
	at sun.reflect.DelegatingMethodAccessorImpl.invoke(DelegatingMethodAccessorImpl.java:43)
	at java.lang.reflect.Method.invoke(Method.java:498)
	at org.testng.internal.MethodInvocationHelper.invokeMethod(MethodInvocationHelper.java:133)
	at org.testng.internal.TestInvoker.invokeMethod(TestInvoker.java:584)
	at org.testng.internal.TestInvoker.invokeTestMethod(TestInvoker.java:172)
	at org.testng.internal.MethodRunner.runInSequence(MethodRunner.java:46)
	at org.testng.internal.TestInvoker$MethodInvocationAgent.invoke(TestInvoker.java:804)
	at org.testng.internal.TestInvoker.invokeTestMethods(TestInvoker.java:145)
	at org.testng.internal.TestMethodWorker.invokeTestMethods(TestMethodWorker.java:146)
	at org.testng.internal.TestMethodWorker.run(TestMethodWorker.java:128)
	at java.util.ArrayList.forEach(ArrayList.java:1259)
	at org.testng.TestRunner.privateRun(TestRunner.java:770)
	at org.testng.TestRunner.run(TestRunner.java:591)
	at org.testng.SuiteRunner.runTest(SuiteRunner.java:402)
	at org.testng.SuiteRunner.access$000(SuiteRunner.java:41)
	at org.testng.SuiteRunner$SuiteWorker.run(SuiteRunner.java:443)
	at org.testng.internal.thread.ThreadUtil.lambda$execute$0(ThreadUtil.java:67)
	at java.util.concurrent.FutureTask.run(FutureTask.java:266)
	at java.util.concurrent.ThreadPoolExecutor.runWorker(ThreadPoolExecutor.java:1149)
	at java.util.concurrent.ThreadPoolExecutor$Worker.run(ThreadPoolExecutor.java:624)
	at java.lang.Thread.run(Thread.java:750)
</pre></div></td>
<td>1</td>
<td>tditsolutions.tests.UpdateAccountTest@2038ae61</td></tr>
</table><p>
<table width='100%' border='1' class='invocation-passed'>
<tr><td colspan='4' align='center'><b>PASSED TESTS</b></td></tr>
<tr><td><b>Test method</b></td>
<td width="30%"><b>Exception</b></td>
<td width="10%"><b>Time (seconds)</b></td>
<td><b>Instance</b></td>
</tr>
<tr>
<td title='tditsolutions.tests.UpdateAccountTest.Verify_AccountUpdated_succsessfully()'><b>Verify_AccountUpdated_succsessfully</b><br>Test class: tditsolutions.tests.UpdateAccountTest</td>
<td></td>
<td>2</td>
<td>tditsolutions.tests.UpdateAccountTest@3f49dace</td></tr>
<tr>
<td title='tditsolutions.tests.UpdateAccountTest.Verify_AccountUpdated_succsessfully()'><b>Verify_AccountUpdated_succsessfully</b><br>Test class: tditsolutions.tests.UpdateAccountTest</td>
<td></td>
<td>1</td>
<td>tditsolutions.tests.UpdateAccountTest@2038ae61</td></tr>
<tr>
<td title='tditsolutions.tests.AddSecurityPageTest.Verify_Add_Security()'><b>Verify_Add_Security</b><br>Test class: tditsolutions.tests.AddSecurityPageTest<br>Parameters: 2512546.0, 245876bhd, 354354.0, 20-May-2025, 300.0, your shares has been credited.</td>
<td></td>
<td>3</td>
<td>tditsolutions.tests.AddSecurityPageTest@1e397ed7</td></tr>
<tr>
<td title='tditsolutions.tests.LoginPageTest.Verify_DoLoginPage()'><b>Verify_DoLoginPage</b><br>Test class: tditsolutions.tests.LoginPageTest</td>
<td></td>
<td>1</td>
<td>tditsolutions.tests.LoginPageTest@5f2108b5</td></tr>
<tr>
<td title='tditsolutions.tests.LoginPageTest.Verify_DoLoginPage()'><b>Verify_DoLoginPage</b><br>Test class: tditsolutions.tests.LoginPageTest</td>
<td></td>
<td>1</td>
<td>tditsolutions.tests.LoginPageTest@1e127982</td></tr>
<tr>
<td title='tditsolutions.tests.UpdateAccountTest.Verify_HomePageButton()'><b>Verify_HomePageButton</b><br>Test class: tditsolutions.tests.UpdateAccountTest</td>
<td></td>
<td>2</td>
<td>tditsolutions.tests.UpdateAccountTest@3f49dace</td></tr>
<tr>
<td title='tditsolutions.tests.UpdateAccountTest.Verify_HomePageButton()'><b>Verify_HomePageButton</b><br>Test class: tditsolutions.tests.UpdateAccountTest</td>
<td></td>
<td>1</td>
<td>tditsolutions.tests.UpdateAccountTest@2038ae61</td></tr>
<tr>
<td title='tditsolutions.tests.DeleteAccountTest.Verify_HomePage_button()'><b>Verify_HomePage_button</b><br>Test class: tditsolutions.tests.DeleteAccountTest</td>
<td></td>
<td>1</td>
<td>tditsolutions.tests.DeleteAccountTest@490ab905</td></tr>
<tr>
<td title='tditsolutions.tests.DeleteAccountTest.Verify_HomePage_button()'><b>Verify_HomePage_button</b><br>Test class: tditsolutions.tests.DeleteAccountTest</td>
<td></td>
<td>1</td>
<td>tditsolutions.tests.DeleteAccountTest@31dc339b</td></tr>
<tr>
<td title='tditsolutions.tests.HomePageTest.Verify_Homepage()'><b>Verify_Homepage</b><br>Test class: tditsolutions.tests.HomePageTest</td>
<td></td>
<td>1</td>
<td>tditsolutions.tests.HomePageTest@31a5c39e</td></tr>
<tr>
<td title='tditsolutions.tests.HomePageTest.Verify_Homepage()'><b>Verify_Homepage</b><br>Test class: tditsolutions.tests.HomePageTest</td>
<td></td>
<td>1</td>
<td>tditsolutions.tests.HomePageTest@60c6f5b</td></tr>
<tr>
<td title='tditsolutions.tests.DeleteAccountTest.Verify_Incorrect_Account_Number_Entered()'><b>Verify_Incorrect_Account_Number_Entered</b><br>Test class: tditsolutions.tests.DeleteAccountTest</td>
<td></td>
<td>1</td>
<td>tditsolutions.tests.DeleteAccountTest@490ab905</td></tr>
<tr>
<td title='tditsolutions.tests.DeleteAccountTest.Verify_Incorrect_Account_Number_Entered()'><b>Verify_Incorrect_Account_Number_Entered</b><br>Test class: tditsolutions.tests.DeleteAccountTest</td>
<td></td>
<td>1</td>
<td>tditsolutions.tests.DeleteAccountTest@31dc339b</td></tr>
<tr>
<td title='tditsolutions.tests.UpdateAccountTest.Verify_SharesPriceUpdated_Successfully()'><b>Verify_SharesPriceUpdated_Successfully</b><br>Test class: tditsolutions.tests.UpdateAccountTest</td>
<td></td>
<td>2</td>
<td>tditsolutions.tests.UpdateAccountTest@3f49dace</td></tr>
<tr>
<td title='tditsolutions.tests.UpdateAccountTest.Verify_SharesPriceUpdated_Successfully()'><b>Verify_SharesPriceUpdated_Successfully</b><br>Test class: tditsolutions.tests.UpdateAccountTest</td>
<td></td>
<td>2</td>
<td>tditsolutions.tests.UpdateAccountTest@2038ae61</td></tr>
<tr>
<td title='tditsolutions.tests.UpdateAccountTest.Verify_getUpdate_AccountTitle()'><b>Verify_getUpdate_AccountTitle</b><br>Test class: tditsolutions.tests.UpdateAccountTest</td>
<td></td>
<td>1</td>
<td>tditsolutions.tests.UpdateAccountTest@3f49dace</td></tr>
<tr>
<td title='tditsolutions.tests.UpdateAccountTest.Verify_getUpdate_AccountTitle()'><b>Verify_getUpdate_AccountTitle</b><br>Test class: tditsolutions.tests.UpdateAccountTest</td>
<td></td>
<td>1</td>
<td>tditsolutions.tests.UpdateAccountTest@2038ae61</td></tr>
<tr>
<td title='tditsolutions.tests.DeleteAccountTest._verify_Delete_Account_Page()'><b>_verify_Delete_Account_Page</b><br>Test class: tditsolutions.tests.DeleteAccountTest</td>
<td></td>
<td>2</td>
<td>tditsolutions.tests.DeleteAccountTest@490ab905</td></tr>
<tr>
<td title='tditsolutions.tests.DeleteAccountTest._verify_Delete_Account_Page()'><b>_verify_Delete_Account_Page</b><br>Test class: tditsolutions.tests.DeleteAccountTest</td>
<td></td>
<td>1</td>
<td>tditsolutions.tests.DeleteAccountTest@31dc339b</td></tr>
<tr>
<td title='tditsolutions.tests.AddAccountTest.verify_Homepage_Button()'><b>verify_Homepage_Button</b><br>Test class: tditsolutions.tests.AddAccountTest</td>
<td></td>
<td>2</td>
<td>tditsolutions.tests.AddAccountTest@56ac3a89</td></tr>
<tr>
<td title='tditsolutions.tests.AddAccountTest.verify_Homepage_Button()'><b>verify_Homepage_Button</b><br>Test class: tditsolutions.tests.AddAccountTest</td>
<td></td>
<td>2</td>
<td>tditsolutions.tests.AddAccountTest@544fe44c</td></tr>
<tr>
<td title='tditsolutions.tests.UpdateAccountTest.verify_validation_Message()'><b>verify_validation_Message</b><br>Test class: tditsolutions.tests.UpdateAccountTest</td>
<td></td>
<td>2</td>
<td>tditsolutions.tests.UpdateAccountTest@3f49dace</td></tr>
</table><p>
</body>
</html>