<?xml version="1.0" encoding="UTF-8"?>
<!-- Generated by org.testng.reporters.JUnitXMLReporter -->
<testsuite hostname="DESKTOP-SC2D3TA" ignored="0" name=" Test" tests="6" failures="2" timestamp="2022-11-30T21:44:28 IST" time="120.225" errors="0">
  <testcase name="Verify_HomePage_button" time="1.497" classname="tditsolutions.tests.DeleteAccountTest"/>
  <testcase name="Verify_Incorrect_Account_Number_Entered" time="1.512" classname="tditsolutions.tests.DeleteAccountTest"/>
  <testcase name="_verify_Delete_Account_Page" time="1.826" classname="tditsolutions.tests.DeleteAccountTest"/>
  <testcase name="Verify_AddAccount_Page" time="2.181" classname="tditsolutions.tests.AddAccountTest">
    <failure type="java.lang.AssertionError" message="expected [Account Registered.. ] but found [Failed , try again ]">
      <![CDATA[java.lang.AssertionError: expected [Account Registered.. ] but found [Failed , try again ]
at tditsolutions.tests.AddAccountTest.Verify_AddAccount_Page(AddAccountTest.java:28)
at java.util.ArrayList.forEach(ArrayList.java:1259)
at java.util.concurrent.FutureTask.run(FutureTask.java:266)
at java.util.concurrent.ThreadPoolExecutor.runWorker(ThreadPoolExecutor.java:1149)
at java.util.concurrent.ThreadPoolExecutor$Worker.run(ThreadPoolExecutor.java:624)
at java.lang.Thread.run(Thread.java:750)
... Removed 23 stack frames]]>
    </failure>
  </testcase> <!-- Verify_AddAccount_Page -->
  <testcase name="Verify_AddAccount_Page" time="2.057" classname="tditsolutions.tests.AddAccountTest">
    <failure type="java.lang.AssertionError" message="expected [Account Registered.. ] but found [Failed , try again ]">
      <![CDATA[java.lang.AssertionError: expected [Account Registered.. ] but found [Failed , try again ]
at tditsolutions.tests.AddAccountTest.Verify_AddAccount_Page(AddAccountTest.java:28)
at java.util.ArrayList.forEach(ArrayList.java:1259)
at java.util.concurrent.FutureTask.run(FutureTask.java:266)
at java.util.concurrent.ThreadPoolExecutor.runWorker(ThreadPoolExecutor.java:1149)
at java.util.concurrent.ThreadPoolExecutor$Worker.run(ThreadPoolExecutor.java:624)
at java.lang.Thread.run(Thread.java:750)
... Removed 23 stack frames]]>
    </failure>
  </testcase> <!-- Verify_AddAccount_Page -->
  <testcase name="verify_Homepage_Button" time="1.721" classname="tditsolutions.tests.AddAccountTest"/>
</testsuite> <!--  Test -->
