<?xml version="1.0" encoding="UTF-8"?>
<testsuite xmlns:xsi="http://www.w3.org/2001/XMLSchema-instance" xsi:noNamespaceSchemaLocation="https://maven.apache.org/surefire/maven-surefire-plugin/xsd/surefire-test-report.xsd" name="TestSuite" time="121.213" tests="30" errors="0" skipped="0" failures="9">
  <properties>
    <property name="java.runtime.name" value="Java(TM) SE Runtime Environment"/>
    <property name="sun.boot.library.path" value="C:\Program Files\Java\jdk1.8.0_341\jre\bin"/>
    <property name="java.vm.version" value="25.341-b10"/>
    <property name="java.vm.vendor" value="Oracle Corporation"/>
    <property name="maven.multiModuleProjectDirectory" value="C:\Users\Dell\eclipse-workspace\tditsolutions"/>
    <property name="java.vendor.url" value="http://java.oracle.com/"/>
    <property name="path.separator" value=";"/>
    <property name="guice.disable.misplaced.annotation.check" value="true"/>
    <property name="java.vm.name" value="Java HotSpot(TM) 64-Bit Server VM"/>
    <property name="file.encoding.pkg" value="sun.io"/>
    <property name="user.script" value=""/>
    <property name="user.country" value="IN"/>
    <property name="sun.java.launcher" value="SUN_STANDARD"/>
    <property name="sun.os.patch.level" value=""/>
    <property name="java.vm.specification.name" value="Java Virtual Machine Specification"/>
    <property name="user.dir" value="C:\Users\Dell\eclipse-workspace\tditsolutions"/>
    <property name="java.runtime.version" value="1.8.0_341-b10"/>
    <property name="java.awt.graphicsenv" value="sun.awt.Win32GraphicsEnvironment"/>
    <property name="java.endorsed.dirs" value="C:\Program Files\Java\jdk1.8.0_341\jre\lib\endorsed"/>
    <property name="os.arch" value="amd64"/>
    <property name="java.io.tmpdir" value="C:\Users\Dell\AppData\Local\Temp\"/>
    <property name="line.separator" value="&#10;"/>
    <property name="java.vm.specification.vendor" value="Oracle Corporation"/>
    <property name="user.variant" value=""/>
    <property name="os.name" value="Windows 11"/>
    <property name="classworlds.conf" value="C:\Maven\apache-maven-3.8.6\bin\m2.conf"/>
    <property name="sun.jnu.encoding" value="Cp1252"/>
    <property name="java.library.path" value="C:\Program Files\Java\jdk1.8.0_341\bin;C:\Windows\Sun\Java\bin;C:\Windows\system32;C:\Windows;C:\Program Files (x86)\Common Files\Oracle\Java\javapath;C:\Windows\system32;C:\Windows;C:\Windows\System32\Wbem;C:\Windows\System32\WindowsPowerShell\v1.0\;C:\Windows\System32\OpenSSH\;C:\Program Files\NVIDIA Corporation\NVIDIA NvDLISR;C:\Program Files\Java\jdk1.8.0_341\bin;C:\Maven\apache-maven-3.8.6\bin;C:\Maven\apache-maven-3.8.6\bin;C:\Users\Dell\AppData\Local\Microsoft\WindowsApps;;."/>
    <property name="maven.conf" value="C:\Maven\apache-maven-3.8.6/conf"/>
    <property name="java.specification.name" value="Java Platform API Specification"/>
    <property name="java.class.version" value="52.0"/>
    <property name="sun.management.compiler" value="HotSpot 64-Bit Tiered Compilers"/>
    <property name="os.version" value="10.0"/>
    <property name="library.jansi.path" value="C:\Maven\apache-maven-3.8.6\lib\jansi-native"/>
    <property name="user.home" value="C:\Users\Dell"/>
    <property name="user.timezone" value="Asia/Calcutta"/>
    <property name="java.awt.printerjob" value="sun.awt.windows.WPrinterJob"/>
    <property name="java.specification.version" value="1.8"/>
    <property name="file.encoding" value="Cp1252"/>
    <property name="user.name" value="Dell"/>
    <property name="java.class.path" value="C:\Maven\apache-maven-3.8.6\boot\plexus-classworlds-2.6.0.jar"/>
    <property name="java.vm.specification.version" value="1.8"/>
    <property name="sun.arch.data.model" value="64"/>
    <property name="java.home" value="C:\Program Files\Java\jdk1.8.0_341\jre"/>
    <property name="sun.java.command" value="org.codehaus.plexus.classworlds.launcher.Launcher test"/>
    <property name="java.specification.vendor" value="Oracle Corporation"/>
    <property name="user.language" value="en"/>
    <property name="awt.toolkit" value="sun.awt.windows.WToolkit"/>
    <property name="java.vm.info" value="mixed mode"/>
    <property name="java.version" value="1.8.0_341"/>
    <property name="java.ext.dirs" value="C:\Program Files\Java\jdk1.8.0_341\jre\lib\ext;C:\Windows\Sun\Java\lib\ext"/>
    <property name="sun.boot.class.path" value="C:\Program Files\Java\jdk1.8.0_341\jre\lib\resources.jar;C:\Program Files\Java\jdk1.8.0_341\jre\lib\rt.jar;C:\Program Files\Java\jdk1.8.0_341\jre\lib\jsse.jar;C:\Program Files\Java\jdk1.8.0_341\jre\lib\jce.jar;C:\Program Files\Java\jdk1.8.0_341\jre\lib\charsets.jar;C:\Program Files\Java\jdk1.8.0_341\jre\lib\jfr.jar;C:\Program Files\Java\jdk1.8.0_341\jre\classes"/>
    <property name="sun.stderr.encoding" value="cp437"/>
    <property name="java.vendor" value="Oracle Corporation"/>
    <property name="maven.home" value="C:\Maven\apache-maven-3.8.6"/>
    <property name="file.separator" value="\"/>
    <property name="java.vendor.url.bug" value="http://bugreport.sun.com/bugreport/"/>
    <property name="sun.cpu.endian" value="little"/>
    <property name="sun.io.unicode.encoding" value="UnicodeLittle"/>
    <property name="sun.stdout.encoding" value="cp437"/>
    <property name="sun.desktop" value="windows"/>
    <property name="sun.cpu.isalist" value="amd64"/>
  </properties>
  <testcase name="Verify_DoLoginPage" classname="tditsolutions.tests.LoginPageTest" time="1.643"/>
  <testcase name="Verify_DoLoginPage" classname="tditsolutions.tests.LoginPageTest" time="1.009"/>
  <testcase name="Verify_Homepage" classname="tditsolutions.tests.HomePageTest" time="1.177"/>
  <testcase name="Verify_Homepage" classname="tditsolutions.tests.HomePageTest" time="0.387"/>
  <testcase name="Verify_AccountUpdated_succsessfully" classname="tditsolutions.tests.UpdateAccountTest" time="1.875"/>
  <testcase name="Verify_AccountUpdated_succsessfully" classname="tditsolutions.tests.UpdateAccountTest" time="1.811"/>
  <testcase name="Verify_HomePageButton" classname="tditsolutions.tests.UpdateAccountTest" time="1.092"/>
  <testcase name="Verify_HomePageButton" classname="tditsolutions.tests.UpdateAccountTest" time="1.442"/>
  <testcase name="Verify_SharesPriceUpdated_Successfully" classname="tditsolutions.tests.UpdateAccountTest" time="2.645"/>
  <testcase name="Verify_SharesPriceUpdated_Successfully" classname="tditsolutions.tests.UpdateAccountTest" time="2.032"/>
  <testcase name="Verify_getUpdate_AccountTitle" classname="tditsolutions.tests.UpdateAccountTest" time="1.402"/>
  <testcase name="Verify_getUpdate_AccountTitle" classname="tditsolutions.tests.UpdateAccountTest" time="1.316"/>
  <testcase name="verify_validation_Message" classname="tditsolutions.tests.UpdateAccountTest" time="0.91"/>
  <testcase name="verify_validation_Message" classname="tditsolutions.tests.UpdateAccountTest" time="1.64">
    <failure message="expected [Value must be greater than or equal to 0.] but found [Please select a value that is no less than 0.]" type="java.lang.AssertionError">java.lang.AssertionError: expected [Value must be greater than or equal to 0.] but found [Please select a value that is no less than 0.]
	at tditsolutions.tests.UpdateAccountTest.verify_validation_Message(UpdateAccountTest.java:89)
</failure>
    <system-out><![CDATA[C:\Users\Dell\eclipse-workspace\tditsolutions
C:\Users\Dell\eclipse-workspace\tditsolutions\src\main\resources\config\uat_configra.properties
C:\Users\Dell\eclipse-workspace\tditsolutions
C:\Users\Dell\eclipse-workspace\tditsolutions\src\main\resources\config\qa_configra.properties
-------------- on Test Start: Verify_Account_Deleted_Succssesfully
-------------- on Test Start: verify_validation_Message
Inside enterText 
Locator: By.xpath: //input[@name='username']
Text: sump1
Inside enterText 
Locator: By.xpath: //input[@name='password']
Text: techfin@12
Inside click Method 
Locator: By.xpath: //button[@name='login']
Clicked on Element
Inside enterText 
Locator: By.xpath: //input[@id='myInput']
Text: 524697
Inside enterText 
Locator: By.xpath: //input[@name='afund']
Text: -2345
Inside enterText 
Locator: By.xpath: //input[@name='username']
Text: sump1
Inside click Method 
Locator: By.xpath: //button[text()='Update balance']
Inside enterText 
Locator: By.xpath: //input[@name='password']
Text: techfin@12
Inside click Method 
Locator: By.xpath: //button[@name='login']
Clicked on Element
-------------- Test case failed : verify_validation_Message
]]></system-out>
    <system-err><![CDATA[Starting ChromeDriver 108.0.5359.71 (1e0e3868ee06e91ad636a874420e3ca3ae3756ac-refs/branch-heads/5359@{#1016}) on port 16881
Only local connections are allowed.
Please see https://chromedriver.chromium.org/security-considerations for suggestions on keeping ChromeDriver safe.
ChromeDriver was started successfully.
1669824795442	mozrunner::runner	INFO	Running command: "C:\\Program Files (x86)\\Mozilla Firefox\\firefox.exe" "-marionette" "-foreground" "-no-remote" "-profile" "C:\\Users\\Dell\\AppData\\Local\\Temp\\rust_mozprofile.dhl6DgZMfG8u"
1669824796041	addons.webextension.screenshots@mozilla.org	WARN	Loading extension 'screenshots@mozilla.org': Reading manifest: Invalid host permission: resource://pdf.js/
1669824796041	addons.webextension.screenshots@mozilla.org	WARN	Loading extension 'screenshots@mozilla.org': Reading manifest: Invalid host permission: about:reader*
Nov 30, 2022 9:43:16 PM org.openqa.selenium.remote.ProtocolHandshake createSession
INFO: Detected dialect: W3C
1669824798144	Marionette	INFO	Listening on port 56572
1669824798703	Marionette	WARN	TLS certificate errors will be ignored for this session
Nov 30, 2022 9:43:18 PM org.openqa.selenium.remote.ProtocolHandshake createSession
INFO: Detected dialect: W3C
]]></system-err>
  </testcase>
  <testcase name="Verify_Add_Security" classname="tditsolutions.tests.AddSecurityPageTest" time="2.697">
    <failure message="expected [true] but found [false]" type="java.lang.AssertionError">java.lang.AssertionError: expected [true] but found [false]
	at tditsolutions.tests.AddSecurityPageTest.Verify_Add_Security(AddSecurityPageTest.java:26)
</failure>
    <system-out><![CDATA[-------------- Test case failed : Verify_Add_Security
]]></system-out>
    <system-err><![CDATA[1669824793332	Marionette	INFO	Stopped listening on port 56523
[Parent 12692, Gecko_IOThread] WARNING: pipe error: 109: file z:/build/build/src/ipc/chromium/src/chrome/common/ipc_channel_win.cc, line 346
[Child 5976, Chrome_ChildThread] WARNING: pipe error: 109: file z:/build/build/src/ipc/chromium/src/chrome/common/ipc_channel_win.cc, line 346
[Child 5976, Chrome_ChildThread] WARNING: pipe error: 109: file z:/build/build/src/ipc/chromium/src/chrome/common/ipc_channel_win.cc, line 346
[Parent 12692, Gecko_IOThread] WARNING: pipe error: 109: file z:/build/build/src/ipc/chromium/src/chrome/common/ipc_channel_win.cc, line 346
[Child 10576, Chrome_ChildThread] WARNING: pipe error: 109: file z:/build/build/src/ipc/chromium/src/chrome/common/ipc_channel_win.cc, line 346
[Child 10576, Chrome_ChildThread] WARNING: pipe error: 109: file z:/build/build/src/ipc/chromium/src/chrome/common/ipc_channel_win.cc, line 346
[Child 5804, Chrome_ChildThread] WARNING: pipe error: 109: file z:/build/build/src/ipc/chromium/src/chrome/common/ipc_channel_win.cc, line 346
[Child 5804, Chrome_ChildThread] WARNING: pipe error: 109: file z:/build/build/src/ipc/chromium/src/chrome/common/ipc_channel_win.cc, line 346
[GPU 17624, Chrome_ChildThread] WARNING: pipe error: 109: file z:/build/build/src/ipc/chromium/src/chrome/common/ipc_channel_win.cc, line 346

###!!! [Child][RunMessage] Error: Channel closing: too late to send/recv, messages will be lost


###!!! [Child][MessageChannel::SendAndWait] Error: Channel error: cannot send/recv

org.openqa.selenium.NoSuchSessionException: Tried to run command without establishing a connection
Build info: version: '3.141.59', revision: 'e82be7d358', time: '2018-11-14T08:17:03'
System info: host: 'DESKTOP-SC2D3TA', ip: '192.168.43.109', os.name: 'Windows 11', os.arch: 'amd64', os.version: '10.0', java.version: '1.8.0_341'
Driver info: org.openqa.selenium.firefox.FirefoxDriver
Capabilities {acceptInsecureCerts: true, browserName: firefox, browserVersion: 64.0, javascriptEnabled: true, moz:accessibilityChecks: false, moz:geckodriverVersion: 0.23.0, moz:headless: false, moz:processID: 12692, moz:profile: C:\Users\Dell\AppData\Local..., moz:shutdownTimeout: 60000, moz:useNonSpecCompliantPointerOrigin: false, moz:webdriverClick: true, pageLoadStrategy: normal, platform: WINDOWS, platformName: WINDOWS, platformVersion: 10.0, rotatable: false, setWindowRect: true, timeouts: {implicit: 0, pageLoad: 300000, script: 30000}, unhandledPromptBehavior: dismiss and notify}
Session ID: bdc0d586-2310-4965-bd51-949c44db3d17
	at sun.reflect.NativeConstructorAccessorImpl.newInstance0(Native Method)
	at sun.reflect.NativeConstructorAccessorImpl.newInstance(NativeConstructorAccessorImpl.java:62)
	at sun.reflect.DelegatingConstructorAccessorImpl.newInstance(DelegatingConstructorAccessorImpl.java:45)
	at java.lang.reflect.Constructor.newInstance(Constructor.java:423)
	at org.openqa.selenium.remote.http.W3CHttpResponseCodec.createException(W3CHttpResponseCodec.java:187)
	at org.openqa.selenium.remote.http.W3CHttpResponseCodec.decode(W3CHttpResponseCodec.java:122)
	at org.openqa.selenium.remote.http.W3CHttpResponseCodec.decode(W3CHttpResponseCodec.java:49)
	at org.openqa.selenium.remote.HttpCommandExecutor.execute(HttpCommandExecutor.java:158)
	at org.openqa.selenium.remote.service.DriverCommandExecutor.execute(DriverCommandExecutor.java:83)
	at org.openqa.selenium.remote.RemoteWebDriver.execute(RemoteWebDriver.java:552)
	at org.openqa.selenium.remote.RemoteWebDriver.execute(RemoteWebDriver.java:609)
	at org.openqa.selenium.remote.RemoteWebDriver$RemoteTargetLocator.alert(RemoteWebDriver.java:932)
	at org.openqa.selenium.support.ui.ExpectedConditions$28.apply(ExpectedConditions.java:806)
	at org.openqa.selenium.support.ui.ExpectedConditions$28.apply(ExpectedConditions.java:802)
	at org.openqa.selenium.support.ui.FluentWait.until(FluentWait.java:249)
	at tdit.utils.Elementutil.waitforAlert(Elementutil.java:82)
	at tditsolutions.pages.Pages.isAlertPresent(Pages.java:25)
	at tditsolutions.pages.AddSecurityPage.IsAlertPresent(AddSecurityPage.java:81)
	at tditsolutions.tests.AddSecurityPageTest.Verify_Add_Security(AddSecurityPageTest.java:25)
	at sun.reflect.NativeMethodAccessorImpl.invoke0(Native Method)
	at sun.reflect.NativeMethodAccessorImpl.invoke(NativeMethodAccessorImpl.java:62)
	at sun.reflect.DelegatingMethodAccessorImpl.invoke(DelegatingMethodAccessorImpl.java:43)
	at java.lang.reflect.Method.invoke(Method.java:498)
	at org.testng.internal.MethodInvocationHelper.invokeMethod(MethodInvocationHelper.java:133)
	at org.testng.internal.TestInvoker.invokeMethod(TestInvoker.java:584)
	at org.testng.internal.TestInvoker.invokeTestMethod(TestInvoker.java:172)
	at org.testng.internal.MethodRunner.runInSequence(MethodRunner.java:46)
	at org.testng.internal.TestInvoker$MethodInvocationAgent.invoke(TestInvoker.java:804)
	at org.testng.internal.TestInvoker.invokeTestMethods(TestInvoker.java:145)
	at org.testng.internal.TestMethodWorker.invokeTestMethods(TestMethodWorker.java:146)
	at org.testng.internal.TestMethodWorker.run(TestMethodWorker.java:128)
	at java.util.ArrayList.forEach(ArrayList.java:1259)
	at org.testng.TestRunner.privateRun(TestRunner.java:770)
	at org.testng.TestRunner.run(TestRunner.java:591)
	at org.testng.SuiteRunner.runTest(SuiteRunner.java:402)
	at org.testng.SuiteRunner.access$000(SuiteRunner.java:41)
	at org.testng.SuiteRunner$SuiteWorker.run(SuiteRunner.java:443)
	at org.testng.internal.thread.ThreadUtil.lambda$execute$0(ThreadUtil.java:67)
	at java.util.concurrent.FutureTask.run(FutureTask.java:266)
	at java.util.concurrent.ThreadPoolExecutor.runWorker(ThreadPoolExecutor.java:1149)
	at java.util.concurrent.ThreadPoolExecutor$Worker.run(ThreadPoolExecutor.java:624)
	at java.lang.Thread.run(Thread.java:750)
]]></system-err>
  </testcase>
  <testcase name="Verify_Add_Security" classname="tditsolutions.tests.AddSecurityPageTest" time="2.798">
    <failure message="expected [true] but found [false]" type="java.lang.AssertionError">java.lang.AssertionError: expected [true] but found [false]
	at tditsolutions.tests.AddSecurityPageTest.Verify_Add_Security(AddSecurityPageTest.java:26)
</failure>
    <system-out><![CDATA[C:\Users\Dell\eclipse-workspace\tditsolutions
C:\Users\Dell\eclipse-workspace\tditsolutions\src\main\resources\config\qa_configra.properties
-------------- on Test Start: Verify_Incorrect_Account_Number_Entered
Inside enterText 
Locator: By.xpath: //input[@name='username']
Text: sump1
Inside enterText 
Locator: By.xpath: //input[@name='password']
Text: techfin@12
Inside click Method 
Locator: By.xpath: //button[@name='login']
Clicked on Element
Inside enterText 
Locator: By.xpath: //input[@id='myInput']
Text: -2345
-------------- Test case failed : Verify_Add_Security
]]></system-out>
    <system-err><![CDATA[Starting ChromeDriver 108.0.5359.71 (1e0e3868ee06e91ad636a874420e3ca3ae3756ac-refs/branch-heads/5359@{#1016}) on port 60784
Only local connections are allowed.
Please see https://chromedriver.chromium.org/security-considerations for suggestions on keeping ChromeDriver safe.
ChromeDriver was started successfully.
Nov 30, 2022 9:43:32 PM org.openqa.selenium.remote.ProtocolHandshake createSession
INFO: Detected dialect: W3C
org.openqa.selenium.WebDriverException: java.net.ConnectException: Failed to connect to localhost/0:0:0:0:0:0:0:1:54907
Build info: version: '3.141.59', revision: 'e82be7d358', time: '2018-11-14T08:17:03'
System info: host: 'DESKTOP-SC2D3TA', ip: '192.168.43.109', os.name: 'Windows 11', os.arch: 'amd64', os.version: '10.0', java.version: '1.8.0_341'
Driver info: driver.version: RemoteWebDriver
	at org.openqa.selenium.remote.service.DriverCommandExecutor.execute(DriverCommandExecutor.java:92)
	at org.openqa.selenium.remote.RemoteWebDriver.execute(RemoteWebDriver.java:552)
	at org.openqa.selenium.remote.RemoteWebDriver.execute(RemoteWebDriver.java:609)
	at org.openqa.selenium.remote.RemoteWebDriver$RemoteTargetLocator.alert(RemoteWebDriver.java:932)
	at org.openqa.selenium.support.ui.ExpectedConditions$28.apply(ExpectedConditions.java:806)
	at org.openqa.selenium.support.ui.ExpectedConditions$28.apply(ExpectedConditions.java:802)
	at org.openqa.selenium.support.ui.FluentWait.until(FluentWait.java:249)
	at tdit.utils.Elementutil.waitforAlert(Elementutil.java:82)
	at tditsolutions.pages.Pages.isAlertPresent(Pages.java:25)
	at tditsolutions.pages.AddSecurityPage.IsAlertPresent(AddSecurityPage.java:81)
	at tditsolutions.tests.AddSecurityPageTest.Verify_Add_Security(AddSecurityPageTest.java:25)
	at sun.reflect.NativeMethodAccessorImpl.invoke0(Native Method)
	at sun.reflect.NativeMethodAccessorImpl.invoke(NativeMethodAccessorImpl.java:62)
	at sun.reflect.DelegatingMethodAccessorImpl.invoke(DelegatingMethodAccessorImpl.java:43)
	at java.lang.reflect.Method.invoke(Method.java:498)
	at org.testng.internal.MethodInvocationHelper.invokeMethod(MethodInvocationHelper.java:133)
	at org.testng.internal.TestInvoker.invokeMethod(TestInvoker.java:584)
	at org.testng.internal.TestInvoker.invokeTestMethod(TestInvoker.java:172)
	at org.testng.internal.MethodRunner.runInSequence(MethodRunner.java:46)
	at org.testng.internal.TestInvoker$MethodInvocationAgent.invoke(TestInvoker.java:804)
	at org.testng.internal.TestInvoker.invokeTestMethods(TestInvoker.java:145)
	at org.testng.internal.TestMethodWorker.invokeTestMethods(TestMethodWorker.java:146)
	at org.testng.internal.TestMethodWorker.run(TestMethodWorker.java:128)
	at java.util.ArrayList.forEach(ArrayList.java:1259)
	at org.testng.TestRunner.privateRun(TestRunner.java:770)
	at org.testng.TestRunner.run(TestRunner.java:591)
	at org.testng.SuiteRunner.runTest(SuiteRunner.java:402)
	at org.testng.SuiteRunner.access$000(SuiteRunner.java:41)
	at org.testng.SuiteRunner$SuiteWorker.run(SuiteRunner.java:443)
	at org.testng.internal.thread.ThreadUtil.lambda$execute$0(ThreadUtil.java:67)
	at java.util.concurrent.FutureTask.run(FutureTask.java:266)
	at java.util.concurrent.ThreadPoolExecutor.runWorker(ThreadPoolExecutor.java:1149)
	at java.util.concurrent.ThreadPoolExecutor$Worker.run(ThreadPoolExecutor.java:624)
	at java.lang.Thread.run(Thread.java:750)
Caused by: java.net.ConnectException: Failed to connect to localhost/0:0:0:0:0:0:0:1:54907
	at okhttp3.internal.connection.RealConnection.connectSocket(RealConnection.java:247)
	at okhttp3.internal.connection.RealConnection.connect(RealConnection.java:165)
	at okhttp3.internal.connection.StreamAllocation.findConnection(StreamAllocation.java:257)
	at okhttp3.internal.connection.StreamAllocation.findHealthyConnection(StreamAllocation.java:135)
	at okhttp3.internal.connection.StreamAllocation.newStream(StreamAllocation.java:114)
	at okhttp3.internal.connection.ConnectInterceptor.intercept(ConnectInterceptor.java:42)
	at okhttp3.internal.http.RealInterceptorChain.proceed(RealInterceptorChain.java:147)
	at okhttp3.internal.http.RealInterceptorChain.proceed(RealInterceptorChain.java:121)
	at okhttp3.internal.cache.CacheInterceptor.intercept(CacheInterceptor.java:93)
	at okhttp3.internal.http.RealInterceptorChain.proceed(RealInterceptorChain.java:147)
	at okhttp3.internal.http.RealInterceptorChain.proceed(RealInterceptorChain.java:121)
	at okhttp3.internal.http.BridgeInterceptor.intercept(BridgeInterceptor.java:93)
	at okhttp3.internal.http.RealInterceptorChain.proceed(RealInterceptorChain.java:147)
	at okhttp3.internal.http.RetryAndFollowUpInterceptor.intercept(RetryAndFollowUpInterceptor.java:126)
	at okhttp3.internal.http.RealInterceptorChain.proceed(RealInterceptorChain.java:147)
	at okhttp3.internal.http.RealInterceptorChain.proceed(RealInterceptorChain.java:121)
	at okhttp3.RealCall.getResponseWithInterceptorChain(RealCall.java:200)
	at okhttp3.RealCall.execute(RealCall.java:77)
	at org.openqa.selenium.remote.internal.OkHttpClient.execute(OkHttpClient.java:103)
	at org.openqa.selenium.remote.HttpCommandExecutor.execute(HttpCommandExecutor.java:155)
	at org.openqa.selenium.remote.service.DriverCommandExecutor.execute(DriverCommandExecutor.java:83)
	... 33 more
Caused by: java.net.ConnectException: Connection refused: connect
	at java.net.DualStackPlainSocketImpl.waitForConnect(Native Method)
	at java.net.DualStackPlainSocketImpl.socketConnect(DualStackPlainSocketImpl.java:81)
	at java.net.AbstractPlainSocketImpl.doConnect(AbstractPlainSocketImpl.java:476)
	at java.net.AbstractPlainSocketImpl.connectToAddress(AbstractPlainSocketImpl.java:218)
	at java.net.AbstractPlainSocketImpl.connect(AbstractPlainSocketImpl.java:200)
	at java.net.PlainSocketImpl.connect(PlainSocketImpl.java:162)
	at java.net.SocksSocketImpl.connect(SocksSocketImpl.java:394)
	at java.net.Socket.connect(Socket.java:606)
	at okhttp3.internal.platform.Platform.connectSocket(Platform.java:129)
	at okhttp3.internal.connection.RealConnection.connectSocket(RealConnection.java:245)
	... 53 more
]]></system-err>
  </testcase>
  <testcase name="Verify_Account_Deleted_Succssesfully" classname="tditsolutions.tests.DeleteAccountTest" time="6.356">
    <failure message="expected [Account Deleted ] but found [Account not found ]" type="java.lang.AssertionError">java.lang.AssertionError: expected [Account Deleted ] but found [Account not found ]
	at tditsolutions.tests.DeleteAccountTest.Verify_Account_Deleted_Succssesfully(DeleteAccountTest.java:22)
</failure>
    <system-out><![CDATA[Clicked on Element
2
6
2512546.0
245876bhd
354354.0
20-May-2025
300.0
your shares has been credited.
C:\Users\Dell\eclipse-workspace\tditsolutions
C:\Users\Dell\eclipse-workspace\tditsolutions\src\main\resources\config\uat_configra.properties
Inside enterText 
Locator: By.xpath: //input[@id='myInput']
Text: 123495
Inside click Method 
Locator: By.xpath: //button[@name='delete']
Clicked on Element
-------------- Test case failed : Verify_Account_Deleted_Succssesfully
]]></system-out>
    <system-err><![CDATA[1669824800861	Marionette	INFO	Stopped listening on port 56572
[Parent 18300, Gecko_IOThread] WARNING: pipe error: 109: file z:/build/build/src/ipc/chromium/src/chrome/common/ipc_channel_win.cc, line 346
[Child 15732, Chrome_ChildThread] WARNING: pipe error: 109: file z:/build/build/src/ipc/chromium/src/chrome/common/ipc_channel_win.cc, line 346
[Child 15732, Chrome_ChildThread] WARNING: pipe error: 109: file z:/build/build/src/ipc/chromium/src/chrome/common/ipc_channel_win.cc, line 346
[Parent 18300, Gecko_IOThread] WARNING: pipe error: 109: file z:/build/build/src/ipc/chromium/src/chrome/common/ipc_channel_win.cc, line 346
[Child 10112, Chrome_ChildThread] WARNING: pipe error: 109: file z:/build/build/src/ipc/chromium/src/chrome/common/ipc_channel_win.cc, line 346
[Child 10112, Chrome_ChildThread] WARNING: pipe error: 109: file z:/build/build/src/ipc/chromium/src/chrome/common/ipc_channel_win.cc, line 346
[Parent 18300, Gecko_IOThread] WARNING: pipe error: 109: file z:/build/build/src/ipc/chromium/src/chrome/common/ipc_channel_win.cc, line 346
[Child 17648, Chrome_ChildThread] WARNING: pipe error: 109: file z:/build/build/src/ipc/chromium/src/chrome/common/ipc_channel_win.cc, line 346
[GPU 17532, Chrome_ChildThread] WARNING: pipe error: 109: file z:/build/build/src/ipc/chromium/src/chrome/common/ipc_channel_win.cc, line 346

###!!! [Child][RunMessage] Error: Channel closing: too late to send/recv, messages will be lost


###!!! [Child][MessageChannel::SendAndWait] Error: Channel error: cannot send/recv

1669824802614	mozrunner::runner	INFO	Running command: "C:\\Program Files (x86)\\Mozilla Firefox\\firefox.exe" "-marionette" "-foreground" "-no-remote" "-profile" "C:\\Users\\Dell\\AppData\\Local\\Temp\\rust_mozprofile.73qkNdLiizi9"
1669824803216	addons.webextension.screenshots@mozilla.org	WARN	Loading extension 'screenshots@mozilla.org': Reading manifest: Invalid host permission: resource://pdf.js/
1669824803216	addons.webextension.screenshots@mozilla.org	WARN	Loading extension 'screenshots@mozilla.org': Reading manifest: Invalid host permission: about:reader*
1669824805328	Marionette	INFO	Listening on port 56619
]]></system-err>
  </testcase>
  <testcase name="Verify_Account_Deleted_Succssesfully" classname="tditsolutions.tests.DeleteAccountTest" time="1.34">
    <failure message="expected [Account Deleted ] but found [Account not found ]" type="java.lang.AssertionError">java.lang.AssertionError: expected [Account Deleted ] but found [Account not found ]
	at tditsolutions.tests.DeleteAccountTest.Verify_Account_Deleted_Succssesfully(DeleteAccountTest.java:22)
</failure>
    <system-out><![CDATA[Clicked on Element
C:\Users\Dell\eclipse-workspace\tditsolutions
C:\Users\Dell\eclipse-workspace\tditsolutions\src\main\resources\config\qa_configra.properties
-------------- on Test Start: Verify_AddAccount_Page
Inside enterText 
Locator: By.xpath: //input[@name='username']
Text: sump1
Inside enterText 
Locator: By.xpath: //input[@name='password']
Text: techfin@12
Inside click Method 
Locator: By.xpath: //button[@name='login']
Inside enterText 
Locator: By.xpath: //input[@id='myInput']
Text: 123495
Inside click Method 
Locator: By.xpath: //button[@name='delete']
Clicked on Element
-------------- Test case failed : Verify_Account_Deleted_Succssesfully
]]></system-out>
    <system-err><![CDATA[Starting ChromeDriver 108.0.5359.71 (1e0e3868ee06e91ad636a874420e3ca3ae3756ac-refs/branch-heads/5359@{#1016}) on port 53812
Only local connections are allowed.
Please see https://chromedriver.chromium.org/security-considerations for suggestions on keeping ChromeDriver safe.
ChromeDriver was started successfully.
Nov 30, 2022 9:43:46 PM org.openqa.selenium.remote.ProtocolHandshake createSession
INFO: Detected dialect: W3C
]]></system-err>
  </testcase>
  <testcase name="Verify_HomePage_button" classname="tditsolutions.tests.DeleteAccountTest" time="1.547"/>
  <testcase name="Verify_HomePage_button" classname="tditsolutions.tests.DeleteAccountTest" time="1.514"/>
  <testcase name="Verify_Incorrect_Account_Number_Entered" classname="tditsolutions.tests.DeleteAccountTest" time="2.928"/>
  <testcase name="Verify_Incorrect_Account_Number_Entered" classname="tditsolutions.tests.DeleteAccountTest" time="1.512"/>
  <testcase name="_verify_Delete_Account_Page" classname="tditsolutions.tests.DeleteAccountTest" time="1.596"/>
  <testcase name="_verify_Delete_Account_Page" classname="tditsolutions.tests.DeleteAccountTest" time="1.831"/>
  <testcase name="Verify_AddAccount_Page" classname="tditsolutions.tests.AddAccountTest" time="2.088">
    <failure message="expected [Account Registered.. ] but found [Failed , try again ]" type="java.lang.AssertionError">java.lang.AssertionError: expected [Account Registered.. ] but found [Failed , try again ]
	at tditsolutions.tests.AddAccountTest.Verify_AddAccount_Page(AddAccountTest.java:28)
</failure>
    <system-out><![CDATA[3
3
23458.0
245864.0
245781.0
87954.0
8.5464258E7
548787.0
C:\Users\Dell\eclipse-workspace\tditsolutions
C:\Users\Dell\eclipse-workspace\tditsolutions\src\main\resources\config\qa_configra.properties
-------------- on Test Start: Verify_Account_Deleted_Succssesfully
-------------- on Test Start: Verify_AddAccount_Page
Inside enterText 
Locator: By.xpath: //input[@name='username']
Text: sump1
Inside enterText 
Locator: By.xpath: //input[@name='password']
Text: techfin@12
Inside click Method 
Locator: By.xpath: //button[@name='login']
Clicked on Element
Inside getText 
Locator: By.xpath: //h2[text()='Add Account']
Inside enterText 
Locator: By.xpath: //input[@name='username']
Text: sump1
Text Present for Element : Add Account
Inside enterText 
Locator: By.xpath: //input[@name='aname']
Text: 23458.0
Inside enterText 
Locator: By.xpath: //input[@name='password']
Text: techfin@12
Inside click Method 
Locator: By.xpath: //button[@name='login']
Inside enterText 
Locator: By.xpath: //input[@name='anumber']
Text: 245864.0
Inside enterText 
Locator: By.xpath: //input[@name='afund']
Text: 245781.0
Inside click Method 
Locator: By.xpath: //button[@name='register']
Clicked on Element
-------------- Test case failed : Verify_AddAccount_Page
]]></system-out>
    <system-err><![CDATA[1669824820121	Marionette	INFO	Listening on port 56702
1669824820415	Marionette	WARN	TLS certificate errors will be ignored for this session
Nov 30, 2022 9:43:40 PM org.openqa.selenium.remote.ProtocolHandshake createSession
INFO: Detected dialect: W3C
Starting ChromeDriver 108.0.5359.71 (1e0e3868ee06e91ad636a874420e3ca3ae3756ac-refs/branch-heads/5359@{#1016}) on port 37254
Only local connections are allowed.
Please see https://chromedriver.chromium.org/security-considerations for suggestions on keeping ChromeDriver safe.
ChromeDriver was started successfully.
Nov 30, 2022 9:43:41 PM org.openqa.selenium.remote.ProtocolHandshake createSession
INFO: Detected dialect: W3C
]]></system-err>
  </testcase>
  <testcase name="Verify_AddAccount_Page" classname="tditsolutions.tests.AddAccountTest" time="2.429">
    <failure message="expected [Account Registered.. ] but found [Failed , try again ]" type="java.lang.AssertionError">java.lang.AssertionError: expected [Account Registered.. ] but found [Failed , try again ]
	at tditsolutions.tests.AddAccountTest.Verify_AddAccount_Page(AddAccountTest.java:28)
</failure>
    <system-out><![CDATA[Clicked on Element
Inside getText 
Locator: By.xpath: //h2[text()='Add Account']
Text Present for Element : Add Account
Inside enterText 
Locator: By.xpath: //input[@name='aname']
Text: 87954.0
Inside enterText 
Locator: By.xpath: //input[@name='anumber']
Text: 8.5464258E7
Inside enterText 
Locator: By.xpath: //input[@name='afund']
Text: 548787.0
Inside click Method 
Locator: By.xpath: //button[@name='register']
Clicked on Element
-------------- Test case failed : Verify_AddAccount_Page
]]></system-out>
    <system-err><![CDATA[1669824828903	Marionette	INFO	Stopped listening on port 56702
IPDL protocol error: Handler returned error code!

###!!! [Parent][DispatchAsyncMessage] Error: PLayerTransaction::Msg_ReleaseLayer Processing error: message was deserialized, but the handler returned false (indicating failure)

IPDL protocol error: Handler returned error code!

###!!! [Parent][DispatchAsyncMessage] Error: PLayerTransaction::Msg_ReleaseLayer Processing error: message was deserialized, but the handler returned false (indicating failure)

IPDL protocol error: Handler returned error code!

###!!! [Parent][DispatchAsyncMessage] Error: PLayerTransaction::Msg_ReleaseLayer Processing error: message was deserialized, but the handler returned false (indicating failure)

IPDL protocol error: Handler returned error code!

###!!! [Parent][DispatchAsyncMessage] Error: PLayerTransaction::Msg_ReleaseLayer Processing error: message was deserialized, but the handler returned false (indicating failure)

[Parent 17336, Gecko_IOThread] WARNING: pipe error: 109: file z:/build/build/src/ipc/chromium/src/chrome/common/ipc_channel_win.cc, line 346
[Parent 17336, Gecko_IOThread] WARNING: pipe error: 109: file z:/build/build/src/ipc/chromium/src/chrome/common/ipc_channel_win.cc, line 346
[Child 2748, Chrome_ChildThread] WARNING: pipe error: 109: file z:/build/build/src/ipc/chromium/src/chrome/common/ipc_channel_win.cc, line 346
[Child 2748, Chrome_ChildThread] WARNING: pipe error: 109: file z:/build/build/src/ipc/chromium/src/chrome/common/ipc_channel_win.cc, line 346

###!!! [Child][RunMessage] Error: Channel closing: too late to send/recv, messages will be lost

[GPU 15992, Chrome_ChildThread] WARNING: pipe error: 109: file z:/build/build/src/ipc/chromium/src/chrome/common/ipc_channel_win.cc, line 346

###!!! [Child][MessageChannel::SendAndWait] Error: Channel error: cannot send/recv

]]></system-err>
  </testcase>
  <testcase name="Verify_AddAccount_Page" classname="tditsolutions.tests.AddAccountTest" time="2.181">
    <failure message="expected [Account Registered.. ] but found [Failed , try again ]" type="java.lang.AssertionError">java.lang.AssertionError: expected [Account Registered.. ] but found [Failed , try again ]
	at tditsolutions.tests.AddAccountTest.Verify_AddAccount_Page(AddAccountTest.java:28)
</failure>
    <system-out><![CDATA[3
3
23458.0
245864.0
245781.0
87954.0
8.5464258E7
548787.0
C:\Users\Dell\eclipse-workspace\tditsolutions
C:\Users\Dell\eclipse-workspace\tditsolutions\src\main\resources\config\uat_configra.properties
-------------- on Test Start: Verify_AddAccount_Page
Inside enterText 
Locator: By.xpath: //input[@name='username']
Text: sump1
Inside enterText 
Locator: By.xpath: //input[@name='password']
Text: techfin@12
Inside click Method 
Locator: By.xpath: //button[@name='login']
Clicked on Element
Inside getText 
Locator: By.xpath: //h2[text()='Add Account']
Text Present for Element : Add Account
Inside enterText 
Locator: By.xpath: //input[@name='aname']
Text: 23458.0
Inside enterText 
Locator: By.xpath: //input[@name='anumber']
Text: 245864.0
Inside enterText 
Locator: By.xpath: //input[@name='afund']
Text: 245781.0
Inside click Method 
Locator: By.xpath: //button[@name='register']
Clicked on Element
-------------- Test case failed : Verify_AddAccount_Page
]]></system-out>
    <system-err><![CDATA[1669824848888	Marionette	INFO	Stopped listening on port 56862
[Parent 10224, Gecko_IOThread] WARNING: pipe error: 109: file z:/build/build/src/ipc/chromium/src/chrome/common/ipc_channel_win.cc, line 346
[Child 15600, Chrome_ChildThread] WARNING: pipe error: 109: file z:/build/build/src/ipc/chromium/src/chrome/common/ipc_channel_win.cc, line 346
[Child 15600, Chrome_ChildThread] WARNING: pipe error: 109: file z:/build/build/src/ipc/chromium/src/chrome/common/ipc_channel_win.cc, line 346
[Parent 10224, Gecko_IOThread] WARNING: pipe error: 109: file z:/build/build/src/ipc/chromium/src/chrome/common/ipc_channel_win.cc, line 346
[Child 8032, Chrome_ChildThread] WARNING: pipe error: 109: file z:/build/build/src/ipc/chromium/src/chrome/common/ipc_channel_win.cc, line 346
[Child 8032, Chrome_ChildThread] WARNING: pipe error: 109: file z:/build/build/src/ipc/chromium/src/chrome/common/ipc_channel_win.cc, line 346
[Child 6412, Chrome_ChildThread] WARNING: pipe error: 109: file z:/build/build/src/ipc/chromium/src/chrome/common/ipc_channel_win.cc, line 346
[Child 6412, Chrome_ChildThread] WARNING: pipe error: 109: file z:/build/build/src/ipc/chromium/src/chrome/common/ipc_channel_win.cc, line 346
[GPU 7672, Chrome_ChildThread] WARNING: pipe error: 109: file z:/build/build/src/ipc/chromium/src/chrome/common/ipc_channel_win.cc, line 346

###!!! [Child][RunMessage] Error: Channel closing: too late to send/recv, messages will be lost


###!!! [Child][MessageChannel::SendAndWait] Error: Channel error: cannot send/recv

1669824850539	mozrunner::runner	INFO	Running command: "C:\\Program Files (x86)\\Mozilla Firefox\\firefox.exe" "-marionette" "-foreground" "-no-remote" "-profile" "C:\\Users\\Dell\\AppData\\Local\\Temp\\rust_mozprofile.dqB4FCxjkuOg"
1669824850949	addons.webextension.screenshots@mozilla.org	WARN	Loading extension 'screenshots@mozilla.org': Reading manifest: Invalid host permission: resource://pdf.js/
1669824850949	addons.webextension.screenshots@mozilla.org	WARN	Loading extension 'screenshots@mozilla.org': Reading manifest: Invalid host permission: about:reader*
1669824852662	Marionette	INFO	Listening on port 56899
1669824852722	Marionette	WARN	TLS certificate errors will be ignored for this session
Nov 30, 2022 9:44:12 PM org.openqa.selenium.remote.ProtocolHandshake createSession
INFO: Detected dialect: W3C
]]></system-err>
  </testcase>
  <testcase name="Verify_AddAccount_Page" classname="tditsolutions.tests.AddAccountTest" time="2.057">
    <failure message="expected [Account Registered.. ] but found [Failed , try again ]" type="java.lang.AssertionError">java.lang.AssertionError: expected [Account Registered.. ] but found [Failed , try again ]
	at tditsolutions.tests.AddAccountTest.Verify_AddAccount_Page(AddAccountTest.java:28)
</failure>
    <system-out><![CDATA[C:\Users\Dell\eclipse-workspace\tditsolutions
C:\Users\Dell\eclipse-workspace\tditsolutions\src\main\resources\config\uat_configra.properties
-------------- on Test Start: Verify_AddAccount_Page
Inside enterText 
Locator: By.xpath: //input[@name='username']
Text: sump1
Inside enterText 
Locator: By.xpath: //input[@name='password']
Text: techfin@12
Inside click Method 
Locator: By.xpath: //button[@name='login']
Clicked on Element
Inside getText 
Locator: By.xpath: //h2[text()='Add Account']
Text Present for Element : Add Account
Inside enterText 
Locator: By.xpath: //input[@name='aname']
Text: 87954.0
Inside enterText 
Locator: By.xpath: //input[@name='anumber']
Text: 8.5464258E7
Inside enterText 
Locator: By.xpath: //input[@name='afund']
Text: 548787.0
Inside click Method 
Locator: By.xpath: //button[@name='register']
Clicked on Element
-------------- Test case failed : Verify_AddAccount_Page
]]></system-out>
    <system-err><![CDATA[1669824855377	Marionette	INFO	Stopped listening on port 56899
[Parent 16084, Gecko_IOThread] WARNING: pipe error: 109: file z:/build/build/src/ipc/chromium/src/chrome/common/ipc_channel_win.cc, line 346
[Child 11168, Chrome_ChildThread] WARNING: pipe error: 109: file z:/build/build/src/ipc/chromium/src/chrome/common/ipc_channel_win.cc, line 346
[Child 11168, Chrome_ChildThread] WARNING: pipe error: 109: file z:/build/build/src/ipc/chromium/src/chrome/common/ipc_channel_win.cc, line 346
[Parent 16084, Gecko_IOThread] WARNING: pipe error: 109: file z:/build/build/src/ipc/chromium/src/chrome/common/ipc_channel_win.cc, line 346
[Child 3384, Chrome_ChildThread] WARNING: pipe error: 232: file z:/build/build/src/ipc/chromium/src/chrome/common/ipc_channel_win.cc, line 513
[Child 3384, Chrome_ChildThread] WARNING: pipe error: 109: file z:/build/build/src/ipc/chromium/src/chrome/common/ipc_channel_win.cc, line 346
[Child 3384, Chrome_ChildThread] WARNING: pipe error: 109: file z:/build/build/src/ipc/chromium/src/chrome/common/ipc_channel_win.cc, line 346
[Child 8640, Chrome_ChildThread] WARNING: pipe error: 109: file z:/build/build/src/ipc/chromium/src/chrome/common/ipc_channel_win.cc, line 346
[Child 8640, Chrome_ChildThread] WARNING: pipe error: 109: file z:/build/build/src/ipc/chromium/src/chrome/common/ipc_channel_win.cc, line 346

###!!! [Child][RunMessage] Error: Channel closing: too late to send/recv, messages will be lost

[GPU 12688, Chrome_ChildThread] WARNING: pipe error: 109: file z:/build/build/src/ipc/chromium/src/chrome/common/ipc_channel_win.cc, line 346

###!!! [Child][MessageChannel::SendAndWait] Error: Channel error: cannot send/recv

1669824857039	mozrunner::runner	INFO	Running command: "C:\\Program Files (x86)\\Mozilla Firefox\\firefox.exe" "-marionette" "-foreground" "-no-remote" "-profile" "C:\\Users\\Dell\\AppData\\Local\\Temp\\rust_mozprofile.OUoJmoKScSGd"
1669824857460	addons.webextension.screenshots@mozilla.org	WARN	Loading extension 'screenshots@mozilla.org': Reading manifest: Invalid host permission: resource://pdf.js/
1669824857460	addons.webextension.screenshots@mozilla.org	WARN	Loading extension 'screenshots@mozilla.org': Reading manifest: Invalid host permission: about:reader*
1669824859159	Marionette	INFO	Listening on port 56933
1669824859215	Marionette	WARN	TLS certificate errors will be ignored for this session
Nov 30, 2022 9:44:19 PM org.openqa.selenium.remote.ProtocolHandshake createSession
INFO: Detected dialect: W3C
]]></system-err>
  </testcase>
  <testcase name="verify_Homepage_Button" classname="tditsolutions.tests.AddAccountTest" time="1.584"/>
  <testcase name="verify_Homepage_Button" classname="tditsolutions.tests.AddAccountTest" time="1.731"/>
</testsuite>